Arguments: 
  C:\Program Files\nodejs\node.exe C:\Users\naser\AppData\Roaming\npm\node_modules\yarn\bin\yarn.js add fontawsome

PATH: 
  C:\WINDOWS\system32;C:\WINDOWS;C:\WINDOWS\System32\Wbem;C:\WINDOWS\System32\WindowsPowerShell\v1.0\;C:\WINDOWS\System32\OpenSSH\;C:\xampp\php;C:\Program Files\dotnet\;C:\Program Files\MongoDB\Server\4.4\bin;C:\Program Files\nodejs\;C:\Users\naser\AppData\Local\Microsoft\WindowsApps;C:\Users\naser\AppData\Local\Programs\Microsoft VS Code\bin;C:\MinGW\bin;C:\Users\naser\AppData\Local\Microsoft\WindowsApps;C:\Users\naser\AppData\Local\GitHubDesktop\bin;C:\Users\naser\AppData\Roaming\npm

Yarn version: 
  1.22.17

Node version: 
  16.13.2

Platform: 
  win32 x64

Trace: 
  Error: https://registry.yarnpkg.com/fontawsome: Not found
      at Request.params.callback [as _callback] (C:\Users\naser\AppData\Roaming\npm\node_modules\yarn\lib\cli.js:67029:18)
      at Request.self.callback (C:\Users\naser\AppData\Roaming\npm\node_modules\yarn\lib\cli.js:140883:22)
      at Request.emit (node:events:390:28)
      at Request.<anonymous> (C:\Users\naser\AppData\Roaming\npm\node_modules\yarn\lib\cli.js:141855:10)
      at Request.emit (node:events:390:28)
      at IncomingMessage.<anonymous> (C:\Users\naser\AppData\Roaming\npm\node_modules\yarn\lib\cli.js:141777:12)
      at Object.onceWrapper (node:events:509:28)
      at IncomingMessage.emit (node:events:402:35)
      at endReadableNT (node:internal/streams/readable:1343:12)
      at processTicksAndRejections (node:internal/process/task_queues:83:21)

npm manifest: 
  {
    "name": "football",
    "version": "1.0.0",
    "description": "",
    "main": "index.js",
    "scripts": {
      "test": "echo \"Error: no test specified\" && exit 1"
    },
    "keywords": [],
    "author": "",
    "license": "ISC",
    "dependencies": {
      "bootstrap": "^5.1.3",
      "vazir-font": "^30.1.0"
    }
  }

yarn manifest: 
  No manifest

Lockfile: 
  # THIS IS AN AUTOGENERATED FILE. DO NOT EDIT THIS FILE DIRECTLY.
  # yarn lockfile v1
  
  
  bootstrap@^5.1.3:
    version "5.1.3"
    resolved "https://registry.yarnpkg.com/bootstrap/-/bootstrap-5.1.3.tgz#ba081b0c130f810fa70900acbc1c6d3c28fa8f34"
    integrity sha512-fcQztozJ8jToQWXxVuEyXWW+dSo8AiXWKwiSSrKWsRB/Qt+Ewwza+JWoLKiTuQLaEPhdNAJ7+Dosc9DOIqNy7Q==
  
  vazir-font@^30.1.0:
    version "30.1.0"
    resolved "https://registry.yarnpkg.com/vazir-font/-/vazir-font-30.1.0.tgz#68a86c31c17b9dcc9384e19f10f02331df97374c"
    integrity sha512-XN2Uprw/Q3QhAAApITykf+v0l4p4FpqvIh0h2XDSJRjwUiYeDpwQxECQF/93ZOCDO2t8haBi6BZZqO8sifYNRg==
